TN:
SF:src/App.js
FN:30,(anonymous_0)
FNF:1
FNH:0
FNDA:0,(anonymous_0)
DA:31,0
LF:1
LH:0
BRF:0
BRH:0
end_of_record
TN:
SF:src/script.js
FN:11,(anonymous_0)
FN:12,(anonymous_1)
FNF:2
FNH:0
FNDA:0,(anonymous_0)
FNDA:0,(anonymous_1)
DA:1,0
DA:11,0
DA:12,0
DA:13,0
DA:15,0
LF:5
LH:0
BRDA:15,0,0,0
BRDA:15,0,1,0
BRF:2
BRH:0
end_of_record
TN:
SF:src/script.t.js
FN:3,(anonymous_0)
FNF:1
FNH:0
FNDA:0,(anonymous_0)
DA:3,0
DA:4,0
LF:2
LH:0
BRF:0
BRH:0
end_of_record
TN:
SF:src/components/champs/components/EditChamp/editChamp.js
FN:20,intersection
FN:21,(anonymous_1)
FN:23,not
FN:24,(anonymous_3)
FN:26,union
FN:30,(anonymous_5)
FN:46,(anonymous_6)
FN:61,(anonymous_7)
FN:69,(anonymous_8)
FN:90,(anonymous_9)
FN:90,(anonymous_10)
FN:111,(anonymous_11)
FN:134,(anonymous_12)
FN:160,(anonymous_13)
FN:183,(anonymous_14)
FN:232,(anonymous_15)
FN:247,(anonymous_16)
FNF:17
FNH:0
FNDA:0,intersection
FNDA:0,(anonymous_1)
FNDA:0,not
FNDA:0,(anonymous_3)
FNDA:0,union
FNDA:0,(anonymous_5)
FNDA:0,(anonymous_6)
FNDA:0,(anonymous_7)
FNDA:0,(anonymous_8)
FNDA:0,(anonymous_9)
FNDA:0,(anonymous_10)
FNDA:0,(anonymous_11)
FNDA:0,(anonymous_12)
FNDA:0,(anonymous_13)
FNDA:0,(anonymous_14)
FNDA:0,(anonymous_15)
FNDA:0,(anonymous_16)
DA:21,0
DA:24,0
DA:27,0
DA:30,0
DA:41,0
DA:42,0
DA:43,0
DA:44,0
DA:46,0
DA:47,0
DA:48,0
DA:49,0
DA:50,0
DA:60,0
DA:62,0
DA:63,0
DA:68,0
DA:70,0
DA:71,0
DA:72,0
DA:77,0
DA:78,0
DA:80,0
DA:81,0
DA:83,0
DA:84,0
DA:86,0
DA:87,0
DA:90,0
DA:91,0
DA:92,0
DA:93,0
DA:94,0
DA:96,0
DA:98,0
DA:111,0
DA:112,0
DA:135,0
DA:136,0
DA:160,0
DA:161,0
DA:184,0
DA:186,0
DA:210,0
DA:233,0
DA:248,0
LF:46
LH:0
BRDA:77,0,0,0
BRDA:77,0,1,0
BRDA:80,1,0,0
BRDA:80,1,1,0
BRDA:83,2,0,0
BRDA:83,2,1,0
BRDA:86,3,0,0
BRDA:86,3,1,0
BRDA:93,4,0,0
BRDA:93,4,1,0
BRF:10
BRH:0
end_of_record
TN:
SF:src/components/champs/components/EditChamp/styles.js
FN:3,(anonymous_0)
FN:17,(anonymous_1)
FNF:2
FNH:0
FNDA:0,(anonymous_0)
FNDA:0,(anonymous_1)
DA:3,0
DA:17,0
LF:2
LH:0
BRF:0
BRH:0
end_of_record
TN:
SF:src/components/layout/components/Footer/index.js
FN:16,Footer
FN:34,(anonymous_1)
FNF:2
FNH:2
FNDA:1,Footer
FNDA:6,(anonymous_1)
DA:7,1
DA:17,1
DA:35,6
LF:3
LH:3
BRF:0
BRH:0
end_of_record
